<?xml version="1.0" encoding="UTF-8"?>
<!-- Generated by org.testng.reporters.JUnitReportReporter -->
<testsuite hostname="Ditsdevs-MacBook-Pro.local" failures="0" tests="1" name="com.qa.basetest.ChromeTest" time="6.822" errors="0" timestamp="2024-12-18T15:28:35 IST" skipped="0">
  <testcase classname="com.qa.basetest.ChromeTest" name="testDemo" time="6.822"/>
</testsuite> <!-- com.qa.basetest.ChromeTest -->
