<?xml version="1.0" encoding="UTF-8"?>
<!-- Generated by org.testng.reporters.JUnitReportReporter -->
<testsuite hostname="Ditsdevs-MacBook-Pro.local" failures="0" tests="1" name="com.qa.basetest.ChromeTest1" time="11.501" errors="0" timestamp="2024-12-18T17:32:53 IST" skipped="0">
  <testcase classname="com.qa.basetest.ChromeTest1" name="testDemo" time="11.501"/>
</testsuite> <!-- com.qa.basetest.ChromeTest1 -->
