<?xml version="1.0" encoding="UTF-8"?>
<!-- Generated by org.testng.reporters.JUnitReportReporter -->
<testsuite hostname="Ditsdevs-MacBook-Pro.local" failures="0" tests="1" name="com.qa.test.IOSLongPress" time="6.766" errors="0" timestamp="2024-12-10T23:10:03 IST" skipped="0">
  <testcase classname="com.qa.test.IOSLongPress" name="IOSLongPressTest" time="6.766"/>
</testsuite> <!-- com.qa.test.IOSLongPress -->
