<?xml version="1.0" encoding="UTF-8"?>
<!-- Generated by org.testng.reporters.JUnitReportReporter -->
<testsuite hostname="Ditsdevs-MacBook-Pro.local" failures="0" tests="1" name="com.qa.test.IOSBasic" time="5.105" errors="0" timestamp="2024-12-09T00:02:39 IST" skipped="0">
  <testcase classname="com.qa.test.IOSBasic" name="IOSBasicTest" time="5.105"/>
</testsuite> <!-- com.qa.test.IOSBasic -->
