<?xml version="1.0" encoding="UTF-8"?>
<!-- Generated by org.testng.reporters.JUnitReportReporter -->
<testsuite hostname="Ditsdevs-MacBook-Pro.local" failures="0" tests="1" name="com.qa.test.IOSSlider" time="4.131" errors="0" timestamp="2024-12-16T21:56:47 IST" skipped="0">
  <testcase classname="com.qa.test.IOSSlider" name="IOSSliderTest" time="4.131"/>
</testsuite> <!-- com.qa.test.IOSSlider -->
