<?xml version="1.0" encoding="UTF-8"?>
<!-- Generated by org.testng.reporters.JUnitReportReporter -->
<testsuite hostname="Ditsdevs-MacBook-Pro.local" failures="0" tests="1" name="com.qa.basetest.FetchSearchLinks" time="6.914" errors="0" timestamp="2024-12-18T17:13:12 IST" skipped="0">
  <testcase classname="com.qa.basetest.FetchSearchLinks" name="testDemo" time="6.914"/>
</testsuite> <!-- com.qa.basetest.FetchSearchLinks -->
